23:43:36 **** Incremental Build of configuration Debug for project TCII_Filter ****
make -j16 all 
arm-none-eabi-gcc "../Drivers/STM32F4xx_HAL_Driver/Src/stm32f4xx_hal_adc.c" -mcpu=cortex-m4 -std=gnu11 -g3 -DDEBUG -DUSE_HAL_DRIVER -DSTM32F401xE -c -I../Core/Inc -I../Drivers/STM32F4xx_HAL_Driver/Inc -I../Drivers/STM32F4xx_HAL_Driver/Inc/Legacy -I../Drivers/CMSIS/Device/ST/STM32F4xx/Include -I../Drivers/CMSIS/Include -O0 -ffunction-sections -fdata-sections -Wall -fstack-usage -fcyclomatic-complexity -MMD -MP -MF"Drivers/STM32F4xx_HAL_Driver/Src/stm32f4xx_hal_adc.d" -MT"Drivers/STM32F4xx_HAL_Driver/Src/stm32f4xx_hal_adc.o" --specs=nano.specs -mfpu=fpv4-sp-d16 -mfloat-abi=hard -mthumb -o "Drivers/STM32F4xx_HAL_Driver/Src/stm32f4xx_hal_adc.o"
arm-none-eabi-gcc -o "TCII_Filter.elf" @"objects.list"   -mcpu=cortex-m4 -T"C:\Users\ipave\Documentos\GitHub\TCII_STM32\TCII_Filter\STM32F401RETX_FLASH.ld" --specs=nosys.specs -Wl,-Map="TCII_Filter.map" -Wl,--gc-sections -static --specs=nano.specs -mfpu=fpv4-sp-d16 -mfloat-abi=hard -mthumb -Wl,--start-group -lc -lm -Wl,--end-group
C:/ST/STM32CubeIDE_1.12.1/STM32CubeIDE/plugins/com.st.stm32cube.ide.mcu.externaltools.gnu-tools-for-stm32.11.3.rel1.win32_1.1.0.202305231506/tools/bin/../lib/gcc/arm-none-eabi/11.3.1/../../../../arm-none-eabi/bin/ld.exe: ./Drivers/STM32F4xx_HAL_Driver/Src/stm32f4xx_hal_adc.o: in function `HAL_ADC_IRQHandler':
C:/Users/ipave/Documentos/GitHub/TCII_STM32/TCII_Filter/Debug/../Drivers/STM32F4xx_HAL_Driver/Src/stm32f4xx_hal_adc.c:1200: multiple definition of `HAL_ADC_IRQHandler'; ./Core/Src/main.o:C:/Users/ipave/Documentos/GitHub/TCII_STM32/TCII_Filter/Debug/../Core/Src/main.c:117: first defined here
collect2.exe: error: ld returned 1 exit status
make: *** [makefile:64: TCII_Filter.elf] Error 1
"make -j16 all" terminated with exit code 2. Build might be incomplete.

23:43:37 Build Failed. 3 errors, 0 warnings. (took 434ms)

